EDA Netlist Writer report for contador_4ch
Fri May 13 17:09:47 2016
Quartus Prime Version 15.1.0 Build 185 10/21/2015 SJ Lite Edition


---------------------
; Table of Contents ;
---------------------
  1. Legal Notice
  2. EDA Netlist Writer Summary
  3. Simulation Settings
  4. Simulation Generated Files
  5. EDA Netlist Writer Messages



----------------
; Legal Notice ;
----------------
Copyright (C) 1991-2015 Altera Corporation. All rights reserved.
Your use of Altera Corporation's design tools, logic functions 
and other software and tools, and its AMPP partner logic 
functions, and any output files from any of the foregoing 
(including device programming or simulation files), and any 
associated documentation or information are expressly subject 
to the terms and conditions of the Altera Program License 
Subscription Agreement, the Altera Quartus Prime License Agreement,
the Altera MegaCore Function License Agreement, or other 
applicable license agreement, including, without limitation, 
that your use is for the sole purpose of programming logic 
devices manufactured by Altera and sold by Altera or its 
authorized distributors.  Please refer to the applicable 
agreement for further details.



+-------------------------------------------------------------------+
; EDA Netlist Writer Summary                                        ;
+---------------------------+---------------------------------------+
; EDA Netlist Writer Status ; Successful - Fri May 13 17:09:47 2016 ;
; Revision Name             ; contador_4ch                          ;
; Top-level Entity Name     ; contador_4ch                          ;
; Family                    ; Cyclone IV E                          ;
; Simulation Files Creation ; Successful                            ;
+---------------------------+---------------------------------------+


+----------------------------------------------------------------------------------------------------------------------------+
; Simulation Settings                                                                                                        ;
+---------------------------------------------------------------------------------------------------+------------------------+
; Option                                                                                            ; Setting                ;
+---------------------------------------------------------------------------------------------------+------------------------+
; Tool Name                                                                                         ; ModelSim-Altera (VHDL) ;
; Generate netlist for functional simulation only                                                   ; Off                    ;
; Time scale                                                                                        ; 1 ps                   ;
; Truncate long hierarchy paths                                                                     ; Off                    ;
; Map illegal HDL characters                                                                        ; Off                    ;
; Flatten buses into individual nodes                                                               ; Off                    ;
; Maintain hierarchy                                                                                ; Off                    ;
; Bring out device-wide set/reset signals as ports                                                  ; Off                    ;
; Enable glitch filtering                                                                           ; Off                    ;
; Do not write top level VHDL entity                                                                ; Off                    ;
; Disable detection of setup and hold time violations in the input registers of bi-directional pins ; Off                    ;
; Architecture name in VHDL output netlist                                                          ; structure              ;
; Generate third-party EDA tool command script for RTL functional simulation                        ; Off                    ;
; Generate third-party EDA tool command script for gate-level simulation                            ; Off                    ;
+---------------------------------------------------------------------------------------------------+------------------------+


+----------------------------------------------------------------------------------------------------------------------------+
; Simulation Generated Files                                                                                                 ;
+----------------------------------------------------------------------------------------------------------------------------+
; Generated Files                                                                                                            ;
+----------------------------------------------------------------------------------------------------------------------------+
; F:/facultad/9 semestre/fpga/proyectos/parte d picna lab4 copia/simulation/modelsim/contador_4ch_9l_1000mv_85c_slow.vho     ;
; F:/facultad/9 semestre/fpga/proyectos/parte d picna lab4 copia/simulation/modelsim/contador_4ch_9l_1000mv_0c_slow.vho      ;
; F:/facultad/9 semestre/fpga/proyectos/parte d picna lab4 copia/simulation/modelsim/contador_4ch_min_1000mv_0c_fast.vho     ;
; F:/facultad/9 semestre/fpga/proyectos/parte d picna lab4 copia/simulation/modelsim/contador_4ch.vho                        ;
; F:/facultad/9 semestre/fpga/proyectos/parte d picna lab4 copia/simulation/modelsim/contador_4ch_9l_1000mv_85c_vhd_slow.sdo ;
; F:/facultad/9 semestre/fpga/proyectos/parte d picna lab4 copia/simulation/modelsim/contador_4ch_9l_1000mv_0c_vhd_slow.sdo  ;
; F:/facultad/9 semestre/fpga/proyectos/parte d picna lab4 copia/simulation/modelsim/contador_4ch_min_1000mv_0c_vhd_fast.sdo ;
; F:/facultad/9 semestre/fpga/proyectos/parte d picna lab4 copia/simulation/modelsim/contador_4ch_vhd.sdo                    ;
+----------------------------------------------------------------------------------------------------------------------------+


+-----------------------------+
; EDA Netlist Writer Messages ;
+-----------------------------+
Info: *******************************************************************
Info: Running Quartus Prime EDA Netlist Writer
    Info: Version 15.1.0 Build 185 10/21/2015 SJ Lite Edition
    Info: Processing started: Fri May 13 17:09:44 2016
Info: Command: quartus_eda --read_settings_files=off --write_settings_files=off contador_4ch -c contador_4ch
Info (204019): Generated file contador_4ch_9l_1000mv_85c_slow.vho in folder "F:/facultad/9 semestre/fpga/proyectos/parte d picna lab4 copia/simulation/modelsim/" for EDA simulation tool
Info (204019): Generated file contador_4ch_9l_1000mv_0c_slow.vho in folder "F:/facultad/9 semestre/fpga/proyectos/parte d picna lab4 copia/simulation/modelsim/" for EDA simulation tool
Info (204019): Generated file contador_4ch_min_1000mv_0c_fast.vho in folder "F:/facultad/9 semestre/fpga/proyectos/parte d picna lab4 copia/simulation/modelsim/" for EDA simulation tool
Info (204019): Generated file contador_4ch.vho in folder "F:/facultad/9 semestre/fpga/proyectos/parte d picna lab4 copia/simulation/modelsim/" for EDA simulation tool
Info (204019): Generated file contador_4ch_9l_1000mv_85c_vhd_slow.sdo in folder "F:/facultad/9 semestre/fpga/proyectos/parte d picna lab4 copia/simulation/modelsim/" for EDA simulation tool
Info (204019): Generated file contador_4ch_9l_1000mv_0c_vhd_slow.sdo in folder "F:/facultad/9 semestre/fpga/proyectos/parte d picna lab4 copia/simulation/modelsim/" for EDA simulation tool
Info (204019): Generated file contador_4ch_min_1000mv_0c_vhd_fast.sdo in folder "F:/facultad/9 semestre/fpga/proyectos/parte d picna lab4 copia/simulation/modelsim/" for EDA simulation tool
Info (204019): Generated file contador_4ch_vhd.sdo in folder "F:/facultad/9 semestre/fpga/proyectos/parte d picna lab4 copia/simulation/modelsim/" for EDA simulation tool
Info: Quartus Prime EDA Netlist Writer was successful. 0 errors, 0 warnings
    Info: Peak virtual memory: 708 megabytes
    Info: Processing ended: Fri May 13 17:09:48 2016
    Info: Elapsed time: 00:00:04
    Info: Total CPU time (on all processors): 00:00:02


