Design Assistant report for contador_4ch
Fri May 13 14:07:33 2016
Quartus Prime Version 15.1.0 Build 185 10/21/2015 SJ Lite Edition


---------------------
; Table of Contents ;
---------------------
  1. Legal Notice
  2. Design Assistant Summary
  3. Design Assistant Settings
  4. Medium Violations
  5. Information only Violations
  6. Design Assistant Messages



----------------
; Legal Notice ;
----------------
Copyright (C) 1991-2015 Altera Corporation. All rights reserved.
Your use of Altera Corporation's design tools, logic functions 
and other software and tools, and its AMPP partner logic 
functions, and any output files from any of the foregoing 
(including device programming or simulation files), and any 
associated documentation or information are expressly subject 
to the terms and conditions of the Altera Program License 
Subscription Agreement, the Altera Quartus Prime License Agreement,
the Altera MegaCore Function License Agreement, or other 
applicable license agreement, including, without limitation, 
that your use is for the sole purpose of programming logic 
devices manufactured by Altera and sold by Altera or its 
authorized distributors.  Please refer to the applicable 
agreement for further details.



+-------------------------------------------------------------------------+
; Design Assistant Summary                                                ;
+-----------------------------------+-------------------------------------+
; Design Assistant Status           ; Analyzed - Fri May 13 14:07:33 2016 ;
; Revision Name                     ; contador_4ch                        ;
; Top-level Entity Name             ; contador_4ch                        ;
; Family                            ; Cyclone IV E                        ;
; Total Critical Violations         ; 0                                   ;
; Total High Violations             ; 0                                   ;
; Total Medium Violations           ; 1                                   ;
; - Rule C104                       ; 1                                   ;
; Total Information only Violations ; 50                                  ;
; - Rule T102                       ; 50                                  ;
+-----------------------------------+-------------------------------------+


+------------------------------------------------------------------------------------------------------------------------------------------------------------------------------------------+
; Design Assistant Settings                                                                                                                                                                ;
+----------------------------------------------------------------------------------------------------------------------------------------------------------------------+--------------+----+
; Option                                                                                                                                                               ; Setting      ; To ;
+----------------------------------------------------------------------------------------------------------------------------------------------------------------------+--------------+----+
; Design Assistant mode                                                                                                                                                ; Post-Fitting ;    ;
; Threshold value for clock net not mapped to clock spines rule                                                                                                        ; 25           ;    ;
; Minimum number of clock port feed by gated clocks                                                                                                                    ; 30           ;    ;
; Minimum number of node fan-out                                                                                                                                       ; 30           ;    ;
; Maximum number of nodes to report                                                                                                                                    ; 50           ;    ;
; Rule C101: Gated clock should be implemented according to the Altera standard scheme                                                                                 ; On           ;    ;
; Rule C102: Logic cell should not be used to generate an inverted clock signal                                                                                        ; On           ;    ;
; Rule C103: Gated clock does not feed at least a pre-defined number of clock ports to effectively save power                                                          ; On           ;    ;
; Rule C104: Clock signal source should drive only clock input ports                                                                                                   ; On           ;    ;
; Rule C105: Clock signal should be a global signal                                                                                                                    ; On           ;    ;
; Rule C106: Clock signal source should not drive registers triggered by different clock edges                                                                         ; On           ;    ;
; Rule R101: Combinational logic used as a reset signal should be synchronized                                                                                         ; On           ;    ;
; Rule R102: External reset signals should be synchronized using two cascaded registers                                                                                ; On           ;    ;
; Rule R103: External reset signal should be correctly synchronized                                                                                                    ; On           ;    ;
; Rule R104: The reset signal that is generated in one clock domain and used in another clock domain should be correctly synchronized                                  ; On           ;    ;
; Rule R105: The reset signal that is generated in one clock domain and used in another clock domain should be synchronized                                            ; On           ;    ;
; Rule T101: Nodes with more than the specified number of fan-outs                                                                                                     ; On           ;    ;
; Rule T102: Top nodes with the highest number of fan-outs                                                                                                             ; On           ;    ;
; Rule A101: Design should not contain combinational loops                                                                                                             ; On           ;    ;
; Rule A102: Register output should not drive its own control signal directly or through combinational logic                                                           ; On           ;    ;
; Rule A103: Design should not contain delay chains                                                                                                                    ; On           ;    ;
; Rule A104: Design should not contain ripple clock structures                                                                                                         ; On           ;    ;
; Rule A105: Pulses should not be implemented asynchronously                                                                                                           ; On           ;    ;
; Rule A106: Multiple pulses should not be generated in design                                                                                                         ; On           ;    ;
; Rule A107: Design should not contain SR latches                                                                                                                      ; On           ;    ;
; Rule A108: Design should not contain latches                                                                                                                         ; On           ;    ;
; Rule S101: Output enable and input of the same tri-state node should not be driven by same signal source                                                             ; On           ;    ;
; Rule S102: Synchronous port and asynchronous port of the same register should not be driven by the same signal source                                                ; On           ;    ;
; Rule S103: More than one asynchronous port of a register should not be driven by the same signal source                                                              ; On           ;    ;
; Rule S104: Clock port and any other port of a register should not be driven by the same signal source                                                                ; On           ;    ;
; Rule D101: Data bits are not synchronized when transferred between asynchronous clock domains                                                                        ; On           ;    ;
; Rule D102: Multiple data bits that are transferred across asynchronous clock domains are synchronized, but not all bits may be aligned in the receiving clock domain ; On           ;    ;
; Rule D103: Data bits are not correctly synchronized when transferred between asynchronous clock domains                                                              ; On           ;    ;
; Rule M101: Data bits are not synchronized when transferred to the state machine of asynchronous clock domains                                                        ; Off          ;    ;
; Rule M102: No reset signal defined to initialize the state machine                                                                                                   ; Off          ;    ;
; Rule M103: State machine should not contain an unreachable state                                                                                                     ; Off          ;    ;
; Rule M104: State machine should not contain a deadlock state                                                                                                         ; Off          ;    ;
; Rule M105: State machine should not contain a dead transition                                                                                                        ; Off          ;    ;
+----------------------------------------------------------------------------------------------------------------------------------------------------------------------+--------------+----+


+-----------------------------------------------------------------------------------------------------+
; Medium Violations                                                                                   ;
+--------------------------------------------------------------------+--------------------------------+
; Rule name                                                          ; Name                           ;
+--------------------------------------------------------------------+--------------------------------+
; Rule C104: Clock signal source should drive only clock input ports ; DivisorFrec:divisor|estado     ;
;  Clock ports destination node(s) list                              ; cont_gray:c_gray|buses_post[0] ;
;  Clock ports destination node(s) list                              ; cont_gray:c_gray|buses_post[2] ;
;  Clock ports destination node(s) list                              ; cont_gray:c_gray|buses_post[1] ;
;  Clock ports destination node(s) list                              ; cont_gray:c_gray|buses_post[3] ;
;  Clock ports destination node(s) list                              ; cont_down:c_down|buses_post[1] ;
;  Clock ports destination node(s) list                              ; cont_down:c_down|buses_post[0] ;
;  Clock ports destination node(s) list                              ; cont_up:c_up|buses_post[1]     ;
;  Clock ports destination node(s) list                              ; cont_up:c_up|buses_post[0]     ;
;  Clock ports destination node(s) list                              ; cont_up:c_up|buses_post[2]     ;
;  Clock ports destination node(s) list                              ; cont_down:c_down|buses_post[3] ;
;  Non-clock ports destination node(s) list                          ; DivisorFrec:divisor|estado~0   ;
+--------------------------------------------------------------------+--------------------------------+


+-----------------------------------------------------------------------------------------------------------------------------+
; Information only Violations                                                                                                 ;
+----------------------------------------------------------+--------------------------------------------------------+---------+
; Rule name                                                ; Name                                                   ; Fan-Out ;
+----------------------------------------------------------+--------------------------------------------------------+---------+
; Rule T102: Top nodes with the highest number of fan-outs ; clock_ext~inputclkctrl                                 ; 26      ;
; Rule T102: Top nodes with the highest number of fan-outs ; DivisorFrec:divisor|LessThan2~7                        ; 25      ;
; Rule T102: Top nodes with the highest number of fan-outs ; DivisorFrec:divisor|LessThan2~5                        ; 23      ;
; Rule T102: Top nodes with the highest number of fan-outs ; DivisorFrec:divisor|LessThan2~4                        ; 23      ;
; Rule T102: Top nodes with the highest number of fan-outs ; DivisorFrec:divisor|estado~clkctrl                     ; 16      ;
; Rule T102: Top nodes with the highest number of fan-outs ; visor_contadores:v_cont|mux_4to1:\mux_gen:2:mux|Mux0~1 ; 7       ;
; Rule T102: Top nodes with the highest number of fan-outs ; visor_contadores:v_cont|mux_4to1:\mux_gen:1:mux|Mux0~1 ; 7       ;
; Rule T102: Top nodes with the highest number of fan-outs ; visor_contadores:v_cont|mux_4to1:\mux_gen:0:mux|Mux0~1 ; 7       ;
; Rule T102: Top nodes with the highest number of fan-outs ; visor_contadores:v_cont|mux_4to1:\mux_gen:3:mux|Mux0~1 ; 7       ;
; Rule T102: Top nodes with the highest number of fan-outs ; cont_gray:c_gray|buses_post[2]                         ; 6       ;
; Rule T102: Top nodes with the highest number of fan-outs ; cont_gray:c_gray|buses_post[3]                         ; 5       ;
; Rule T102: Top nodes with the highest number of fan-outs ; DivisorFrec:divisor|Add0~50                            ; 5       ;
; Rule T102: Top nodes with the highest number of fan-outs ; cont_gray:c_gray|buses_post[1]                         ; 5       ;
; Rule T102: Top nodes with the highest number of fan-outs ; DivisorFrec:divisor|Add0~48                            ; 5       ;
; Rule T102: Top nodes with the highest number of fan-outs ; cont_up:c_up|buses_post[0]                             ; 5       ;
; Rule T102: Top nodes with the highest number of fan-outs ; cont_down:c_down|buses_post[0]                         ; 5       ;
; Rule T102: Top nodes with the highest number of fan-outs ; cont_gray:c_gray|buses_post[0]                         ; 4       ;
; Rule T102: Top nodes with the highest number of fan-outs ; DivisorFrec:divisor|Add0~46                            ; 4       ;
; Rule T102: Top nodes with the highest number of fan-outs ; cont_down:c_down|buses_post[1]                         ; 4       ;
; Rule T102: Top nodes with the highest number of fan-outs ; cont_up:c_up|buses_post[1]                             ; 4       ;
; Rule T102: Top nodes with the highest number of fan-outs ; cont_down:c_down|buses_post[2]                         ; 3       ;
; Rule T102: Top nodes with the highest number of fan-outs ; cont_lfsr:c_lfsr|buses_post[3]                         ; 3       ;
; Rule T102: Top nodes with the highest number of fan-outs ; cont_lfsr:c_lfsr|buses_post[2]                         ; 3       ;
; Rule T102: Top nodes with the highest number of fan-outs ; cont_lfsr:c_lfsr|buses_post[1]                         ; 3       ;
; Rule T102: Top nodes with the highest number of fan-outs ; cont_up:c_up|buses_post[2]                             ; 3       ;
; Rule T102: Top nodes with the highest number of fan-outs ; DivisorFrec:divisor|Add0~12                            ; 2       ;
; Rule T102: Top nodes with the highest number of fan-outs ; DivisorFrec:divisor|Add0~44                            ; 2       ;
; Rule T102: Top nodes with the highest number of fan-outs ; DivisorFrec:divisor|Add0~28                            ; 2       ;
; Rule T102: Top nodes with the highest number of fan-outs ; DivisorFrec:divisor|Add0~22                            ; 2       ;
; Rule T102: Top nodes with the highest number of fan-outs ; DivisorFrec:divisor|Add0~24                            ; 2       ;
; Rule T102: Top nodes with the highest number of fan-outs ; DivisorFrec:divisor|Add0~34                            ; 2       ;
; Rule T102: Top nodes with the highest number of fan-outs ; DivisorFrec:divisor|Add0~38                            ; 2       ;
; Rule T102: Top nodes with the highest number of fan-outs ; DivisorFrec:divisor|Add0~14                            ; 2       ;
; Rule T102: Top nodes with the highest number of fan-outs ; DivisorFrec:divisor|Add0~26                            ; 2       ;
; Rule T102: Top nodes with the highest number of fan-outs ; DivisorFrec:divisor|Add0~32                            ; 2       ;
; Rule T102: Top nodes with the highest number of fan-outs ; DivisorFrec:divisor|Add0~30                            ; 2       ;
; Rule T102: Top nodes with the highest number of fan-outs ; DivisorFrec:divisor|Add0~16                            ; 2       ;
; Rule T102: Top nodes with the highest number of fan-outs ; cont_up:c_up|buses_post[3]                             ; 2       ;
; Rule T102: Top nodes with the highest number of fan-outs ; DivisorFrec:divisor|Add0~18                            ; 2       ;
; Rule T102: Top nodes with the highest number of fan-outs ; DivisorFrec:divisor|Add0~20                            ; 2       ;
; Rule T102: Top nodes with the highest number of fan-outs ; DivisorFrec:divisor|Add0~40                            ; 2       ;
; Rule T102: Top nodes with the highest number of fan-outs ; cont_lfsr:c_lfsr|buses_post[0]                         ; 2       ;
; Rule T102: Top nodes with the highest number of fan-outs ; DivisorFrec:divisor|Add0~42                            ; 2       ;
; Rule T102: Top nodes with the highest number of fan-outs ; DivisorFrec:divisor|estado                             ; 2       ;
; Rule T102: Top nodes with the highest number of fan-outs ; DivisorFrec:divisor|Add0~36                            ; 2       ;
; Rule T102: Top nodes with the highest number of fan-outs ; cont_down:c_down|buses_post[3]                         ; 2       ;
; Rule T102: Top nodes with the highest number of fan-outs ; DivisorFrec:divisor|estado~0                           ; 1       ;
; Rule T102: Top nodes with the highest number of fan-outs ; DivisorFrec:divisor|cuenta[2]                          ; 1       ;
; Rule T102: Top nodes with the highest number of fan-outs ; clock_ext                                              ; 1       ;
; Rule T102: Top nodes with the highest number of fan-outs ; DivisorFrec:divisor|LessThan2~6                        ; 1       ;
+----------------------------------------------------------+--------------------------------------------------------+---------+


+---------------------------+
; Design Assistant Messages ;
+---------------------------+
Info: *******************************************************************
Info: Running Quartus Prime Design Assistant
    Info: Version 15.1.0 Build 185 10/21/2015 SJ Lite Edition
    Info: Processing started: Fri May 13 14:07:32 2016
Info: Command: quartus_drc --read_settings_files=on --write_settings_files=off contador_4ch -c contador_4ch
Critical Warning (332012): Synopsys Design Constraints File file not found: 'contador_4ch.sdc'. A Synopsys Design Constraints File is required by the TimeQuest Timing Analyzer to get proper timing constraints. Without it, the Compiler will not properly optimize the design.
Info (332144): No user constrained base clocks found in the design
Info (332143): No user constrained clock uncertainty found in the design. Calling "derive_clock_uncertainty"
Info (332123): Deriving Clock Uncertainty. Please refer to report_sdc in TimeQuest to see clock uncertainties.
Warning (308040): (Medium) Rule C104: Clock signal source should drive only clock input ports. Found 1 nodes related to this rule.
    Warning (308010): Node  "DivisorFrec:divisor|estado" File: F:/facultad/9 semestre/fpga/proyectos/parte d picna lab4 copia/DivisorFrec.vhd Line: 36
Info (308044): (Information) Rule T102: Top nodes with the highest number of fan-outs. (Value defined:50). Found 50 node(s) with highest fan-out.
    Info (308011): Node  "clock_ext~inputclkctrl" File: F:/facultad/9 semestre/fpga/proyectos/parte d picna lab4 copia/contador_4ch.vhd Line: 12
    Info (308011): Node  "DivisorFrec:divisor|LessThan2~7" File: F:/facultad/9 semestre/fpga/proyectos/parte d picna lab4 copia/DivisorFrec.vhd Line: 67
    Info (308011): Node  "DivisorFrec:divisor|LessThan2~5" File: F:/facultad/9 semestre/fpga/proyectos/parte d picna lab4 copia/DivisorFrec.vhd Line: 67
    Info (308011): Node  "DivisorFrec:divisor|LessThan2~4" File: F:/facultad/9 semestre/fpga/proyectos/parte d picna lab4 copia/DivisorFrec.vhd Line: 67
    Info (308011): Node  "DivisorFrec:divisor|estado~clkctrl" File: F:/facultad/9 semestre/fpga/proyectos/parte d picna lab4 copia/DivisorFrec.vhd Line: 36
    Info (308011): Node  "visor_contadores:v_cont|mux_4to1:\mux_gen:2:mux|Mux0~1" File: F:/facultad/9 semestre/fpga/proyectos/parte d picna lab4 copia/mux_4to1.vhd Line: 23
    Info (308011): Node  "visor_contadores:v_cont|mux_4to1:\mux_gen:1:mux|Mux0~1" File: F:/facultad/9 semestre/fpga/proyectos/parte d picna lab4 copia/mux_4to1.vhd Line: 23
    Info (308011): Node  "visor_contadores:v_cont|mux_4to1:\mux_gen:0:mux|Mux0~1" File: F:/facultad/9 semestre/fpga/proyectos/parte d picna lab4 copia/mux_4to1.vhd Line: 23
    Info (308011): Node  "visor_contadores:v_cont|mux_4to1:\mux_gen:3:mux|Mux0~1" File: F:/facultad/9 semestre/fpga/proyectos/parte d picna lab4 copia/mux_4to1.vhd Line: 23
    Info (308011): Node  "cont_gray:c_gray|buses_post[2]" File: F:/facultad/9 semestre/fpga/proyectos/parte d picna lab4 copia/Cont_gray.vhd Line: 27
    Info (308011): Node  "cont_gray:c_gray|buses_post[3]" File: F:/facultad/9 semestre/fpga/proyectos/parte d picna lab4 copia/Cont_gray.vhd Line: 27
    Info (308011): Node  "DivisorFrec:divisor|Add0~50" File: F:/facultad/9 semestre/fpga/proyectos/parte d picna lab4 copia/DivisorFrec.vhd Line: 38
    Info (308011): Node  "cont_gray:c_gray|buses_post[1]" File: F:/facultad/9 semestre/fpga/proyectos/parte d picna lab4 copia/Cont_gray.vhd Line: 27
    Info (308011): Node  "DivisorFrec:divisor|Add0~48" File: F:/facultad/9 semestre/fpga/proyectos/parte d picna lab4 copia/DivisorFrec.vhd Line: 38
    Info (308011): Node  "cont_up:c_up|buses_post[0]" File: F:/facultad/9 semestre/fpga/proyectos/parte d picna lab4 copia/Cont_up.vhd Line: 27
    Info (308011): Node  "cont_down:c_down|buses_post[0]" File: F:/facultad/9 semestre/fpga/proyectos/parte d picna lab4 copia/Cont_down.vhd Line: 27
    Info (308011): Node  "cont_gray:c_gray|buses_post[0]" File: F:/facultad/9 semestre/fpga/proyectos/parte d picna lab4 copia/Cont_gray.vhd Line: 27
    Info (308011): Node  "DivisorFrec:divisor|Add0~46" File: F:/facultad/9 semestre/fpga/proyectos/parte d picna lab4 copia/DivisorFrec.vhd Line: 38
    Info (308011): Node  "cont_down:c_down|buses_post[1]" File: F:/facultad/9 semestre/fpga/proyectos/parte d picna lab4 copia/Cont_down.vhd Line: 27
    Info (308011): Node  "cont_up:c_up|buses_post[1]" File: F:/facultad/9 semestre/fpga/proyectos/parte d picna lab4 copia/Cont_up.vhd Line: 27
    Info (308011): Node  "cont_down:c_down|buses_post[2]" File: F:/facultad/9 semestre/fpga/proyectos/parte d picna lab4 copia/Cont_down.vhd Line: 27
    Info (308011): Node  "cont_lfsr:c_lfsr|buses_post[3]" File: F:/facultad/9 semestre/fpga/proyectos/parte d picna lab4 copia/Cont_lfsr.vhd Line: 27
    Info (308011): Node  "cont_lfsr:c_lfsr|buses_post[2]" File: F:/facultad/9 semestre/fpga/proyectos/parte d picna lab4 copia/Cont_lfsr.vhd Line: 27
    Info (308011): Node  "cont_lfsr:c_lfsr|buses_post[1]" File: F:/facultad/9 semestre/fpga/proyectos/parte d picna lab4 copia/Cont_lfsr.vhd Line: 27
    Info (308011): Node  "cont_up:c_up|buses_post[2]" File: F:/facultad/9 semestre/fpga/proyectos/parte d picna lab4 copia/Cont_up.vhd Line: 27
    Info (308011): Node  "DivisorFrec:divisor|Add0~12" File: F:/facultad/9 semestre/fpga/proyectos/parte d picna lab4 copia/DivisorFrec.vhd Line: 38
    Info (308011): Node  "DivisorFrec:divisor|Add0~44" File: F:/facultad/9 semestre/fpga/proyectos/parte d picna lab4 copia/DivisorFrec.vhd Line: 38
    Info (308011): Node  "DivisorFrec:divisor|Add0~28" File: F:/facultad/9 semestre/fpga/proyectos/parte d picna lab4 copia/DivisorFrec.vhd Line: 38
    Info (308011): Node  "DivisorFrec:divisor|Add0~22" File: F:/facultad/9 semestre/fpga/proyectos/parte d picna lab4 copia/DivisorFrec.vhd Line: 38
    Info (308011): Node  "DivisorFrec:divisor|Add0~24" File: F:/facultad/9 semestre/fpga/proyectos/parte d picna lab4 copia/DivisorFrec.vhd Line: 38
    Info (308002): Truncated list of Design Assistant messages to 30 messages. Go to sections under Design Assistant section of Compilation Report for complete lists of Design Assistant messages generated.
Info (308007): Design Assistant information: finished post-fitting analysis of current design -- generated 50 information messages and 1 warning messages
Info: Quartus Prime Design Assistant was successful. 0 errors, 3 warnings
    Info: Peak virtual memory: 697 megabytes
    Info: Processing ended: Fri May 13 14:07:33 2016
    Info: Elapsed time: 00:00:01
    Info: Total CPU time (on all processors): 00:00:01


